2025-03-01 15:51:07,324 INFO    MainThread:24188 [wandb_setup.py:_flush():67] Current SDK version is 0.19.7
2025-03-01 15:51:07,324 INFO    MainThread:24188 [wandb_setup.py:_flush():67] Configure stats pid to 24188
2025-03-01 15:51:07,325 INFO    MainThread:24188 [wandb_setup.py:_flush():67] Loading settings from C:\Users\Administrator\.config\wandb\settings
2025-03-01 15:51:07,325 INFO    MainThread:24188 [wandb_setup.py:_flush():67] Loading settings from C:\Users\Administrator\PycharmProjects\myproject\learn\wandb\settings
2025-03-01 15:51:07,325 INFO    MainThread:24188 [wandb_setup.py:_flush():67] Loading settings from environment variables
2025-03-01 15:51:07,325 INFO    MainThread:24188 [wandb_init.py:setup_run_log_directory():647] Logging user logs to C:\Users\Administrator\PycharmProjects\myproject\learn\wandb\run-20250301_155107-n01qdajm\logs\debug.log
2025-03-01 15:51:07,325 INFO    MainThread:24188 [wandb_init.py:setup_run_log_directory():648] Logging internal logs to C:\Users\Administrator\PycharmProjects\myproject\learn\wandb\run-20250301_155107-n01qdajm\logs\debug-internal.log
2025-03-01 15:51:07,325 INFO    MainThread:24188 [wandb_init.py:init():761] calling init triggers
2025-03-01 15:51:07,325 INFO    MainThread:24188 [wandb_init.py:init():766] wandb.init called with sweep_config: {}
config: {'model': 'ppo', '__name__': 'utils.config', '__doc__': None, '__package__': 'utils', '__loader__': <_frozen_importlib_external.SourceFileLoader object at 0x00000247C3559B50>, '__spec__': ModuleSpec(name='utils.config', loader=<_frozen_importlib_external.SourceFileLoader object at 0x00000247C3559B50>, origin='C:\\Users\\Administrator\\PycharmProjects\\myproject\\learn\\..\\utils\\config.py'), '__file__': 'C:\\Users\\Administrator\\PycharmProjects\\myproject\\learn\\..\\utils\\config.py', '__cached__': 'C:\\Users\\Administrator\\PycharmProjects\\myproject\\learn\\..\\utils\\__pycache__\\config.cpython-311.pyc', '__builtins__': {'__name__': 'builtins', '__doc__': "Built-in functions, types, exceptions, and other objects.\n\nThis module provides direct access to all 'built-in'\nidentifiers of Python; for example, builtins.len is\nthe full name for the built-in function len().\n\nThis module is not normally accessed explicitly by most\napplications, but can be useful in modules that provide\nobjects with the same name as a built-in value, but in\nwhich the built-in of that name is also needed.", '__package__': '', '__loader__': <class '_frozen_importlib.BuiltinImporter'>, '__spec__': ModuleSpec(name='builtins', loader=<class '_frozen_importlib.BuiltinImporter'>, origin='built-in'), '__build_class__': <built-in function __build_class__>, '__import__': <built-in function __import__>, 'abs': <built-in function abs>, 'all': <built-in function all>, 'any': <built-in function any>, 'ascii': <built-in function ascii>, 'bin': <built-in function bin>, 'breakpoint': <built-in function breakpoint>, 'callable': <built-in function callable>, 'chr': <built-in function chr>, 'compile': <built-in function compile>, 'delattr': <built-in function delattr>, 'dir': <built-in function dir>, 'divmod': <built-in function divmod>, 'eval': <built-in function eval>, 'exec': <built-in function exec>, 'format': <built-in function format>, 'getattr': <built-in function getattr>, 'globals': <built-in function globals>, 'hasattr': <built-in function hasattr>, 'hash': <built-in function hash>, 'hex': <built-in function hex>, 'id': <built-in function id>, 'input': <built-in function input>, 'isinstance': <built-in function isinstance>, 'issubclass': <built-in function issubclass>, 'iter': <built-in function iter>, 'aiter': <built-in function aiter>, 'len': <built-in function len>, 'locals': <built-in function locals>, 'max': <built-in function max>, 'min': <built-in function min>, 'next': <built-in function next>, 'anext': <built-in function anext>, 'oct': <built-in function oct>, 'ord': <built-in function ord>, 'pow': <built-in function pow>, 'print': <built-in function print>, 'repr': <built-in function repr>, 'round': <built-in function round>, 'setattr': <built-in function setattr>, 'sorted': <built-in function sorted>, 'sum': <built-in function sum>, 'vars': <built-in function vars>, 'None': None, 'Ellipsis': Ellipsis, 'NotImplemented': NotImplemented, 'False': False, 'True': True, 'bool': <class 'bool'>, 'memoryview': <class 'memoryview'>, 'bytearray': <class 'bytearray'>, 'bytes': <class 'bytes'>, 'classmethod': <class 'classmethod'>, 'complex': <class 'complex'>, 'dict': <class 'dict'>, 'enumerate': <class 'enumerate'>, 'filter': <class 'filter'>, 'float': <class 'float'>, 'frozenset': <class 'frozenset'>, 'property': <class 'property'>, 'int': <class 'int'>, 'list': <class 'list'>, 'map': <class 'map'>, 'object': <class 'object'>, 'range': <class 'range'>, 'reversed': <class 'reversed'>, 'set': <class 'set'>, 'slice': <class 'slice'>, 'staticmethod': <class 'staticmethod'>, 'str': <class 'str'>, 'super': <class 'super'>, 'tuple': <class 'tuple'>, 'type': <class 'type'>, 'zip': <class 'zip'>, '__debug__': True, 'BaseException': <class 'BaseException'>, 'BaseExceptionGroup': <class 'BaseExceptionGroup'>, 'Exception': <class 'Exception'>, 'GeneratorExit': <class 'GeneratorExit'>, 'KeyboardInterrupt': <class 'KeyboardInterrupt'>, 'SystemExit': <class 'SystemExit'>, 'ArithmeticError': <class 'ArithmeticError'>, 'AssertionError': <class 'AssertionError'>, 'AttributeError': <class 'AttributeError'>, 'BufferError': <class 'BufferError'>, 'EOFError': <class 'EOFError'>, 'ImportError': <class 'ImportError'>, 'LookupError': <class 'LookupError'>, 'MemoryError': <class 'MemoryError'>, 'NameError': <class 'NameError'>, 'OSError': <class 'OSError'>, 'ReferenceError': <class 'ReferenceError'>, 'RuntimeError': <class 'RuntimeError'>, 'StopAsyncIteration': <class 'StopAsyncIteration'>, 'StopIteration': <class 'StopIteration'>, 'SyntaxError': <class 'SyntaxError'>, 'SystemError': <class 'SystemError'>, 'TypeError': <class 'TypeError'>, 'ValueError': <class 'ValueError'>, 'Warning': <class 'Warning'>, 'FloatingPointError': <class 'FloatingPointError'>, 'OverflowError': <class 'OverflowError'>, 'ZeroDivisionError': <class 'ZeroDivisionError'>, 'BytesWarning': <class 'BytesWarning'>, 'DeprecationWarning': <class 'DeprecationWarning'>, 'EncodingWarning': <class 'EncodingWarning'>, 'FutureWarning': <class 'FutureWarning'>, 'ImportWarning': <class 'ImportWarning'>, 'PendingDeprecationWarning': <class 'PendingDeprecationWarning'>, 'ResourceWarning': <class 'ResourceWarning'>, 'RuntimeWarning': <class 'RuntimeWarning'>, 'SyntaxWarning': <class 'SyntaxWarning'>, 'UnicodeWarning': <class 'UnicodeWarning'>, 'UserWarning': <class 'UserWarning'>, 'BlockingIOError': <class 'BlockingIOError'>, 'ChildProcessError': <class 'ChildProcessError'>, 'ConnectionError': <class 'ConnectionError'>, 'FileExistsError': <class 'FileExistsError'>, 'FileNotFoundError': <class 'FileNotFoundError'>, 'InterruptedError': <class 'InterruptedError'>, 'IsADirectoryError': <class 'IsADirectoryError'>, 'NotADirectoryError': <class 'NotADirectoryError'>, 'PermissionError': <class 'PermissionError'>, 'ProcessLookupError': <class 'ProcessLookupError'>, 'TimeoutError': <class 'TimeoutError'>, 'IndentationError': <class 'IndentationError'>, 'IndexError': <class 'IndexError'>, 'KeyError': <class 'KeyError'>, 'ModuleNotFoundError': <class 'ModuleNotFoundError'>, 'NotImplementedError': <class 'NotImplementedError'>, 'RecursionError': <class 'RecursionError'>, 'UnboundLocalError': <class 'UnboundLocalError'>, 'UnicodeError': <class 'UnicodeError'>, 'BrokenPipeError': <class 'BrokenPipeError'>, 'ConnectionAbortedError': <class 'ConnectionAbortedError'>, 'ConnectionRefusedError': <class 'ConnectionRefusedError'>, 'ConnectionResetError': <class 'ConnectionResetError'>, 'TabError': <class 'TabError'>, 'UnicodeDecodeError': <class 'UnicodeDecodeError'>, 'UnicodeEncodeError': <class 'UnicodeEncodeError'>, 'UnicodeTranslateError': <class 'UnicodeTranslateError'>, 'ExceptionGroup': <class 'ExceptionGroup'>, 'EnvironmentError': <class 'OSError'>, 'IOError': <class 'OSError'>, 'WindowsError': <class 'OSError'>, 'open': <built-in function open>, 'quit': Use quit() or Ctrl-Z plus Return to exit, 'exit': Use exit() or Ctrl-Z plus Return to exit, 'copyright': Copyright (c) 2001-2023 Python Software Foundation.
All Rights Reserved.

Copyright (c) 2000 BeOpen.com.
All Rights Reserved.

Copyright (c) 1995-2001 Corporation for National Research Initiatives.
All Rights Reserved.

Copyright (c) 1991-1995 Stichting Mathematisch Centrum, Amsterdam.
All Rights Reserved., 'credits':     Thanks to CWI, CNRI, BeOpen.com, Zope Corporation and a cast of thousands
    for supporting Python development.  See www.python.org for more information., 'license': See https://www.python.org/psf/license/, 'help': Type help() for interactive help, or help(object) for help about object.}, 'Tushare_Tocken': 'c576df5b626df4f37c30bae84520d70c7945a394d7ee274ef2685444', 'Start_Date': '20090101', 'End_Date': '20240101', 'Start_Trade_Date': '2009-01-01', 'End_Trade_Date': '2023-01-01', 'End_Test_Date': '2024-01-01', 'TECHNICAL_INDICATORS_LIST': ['boll_ub', 'boll_lb', 'rsi_20', 'close_20_sma', 'close_60_sma', 'close_120_sma', 'macd', 'volume_20_sma', 'volume_60_sma', 'volume_120_sma'], 'MODEL_LIST': ['a2c', 'ddpg', 'ppo', 'sac', 'td3'], 'A2C_PARAMS': {'n_steps': 5, 'ent_coef': 0.01, 'learning_rate': 0.0007}, 'PPO_PARAMS': {'n_steps': 512, 'ent_coef': 0.02, 'learning_rate': 0.0003, 'batch_size': 256, 'max_grad_norm': 0.5, 'clip_range_vf': 0.2, 'normalize_advantage': True}, 'DDPG_PARAMS': {'batch_size': 128, 'buffer_size': 50000, 'learning_rate': 0.001}, 'TD3_PARAMS': {'batch_size': 100, 'buffer_size': 1000000, 'learning_rate': 0.001}, 'SAC_PARAMS': {'batch_size': 64, 'buffer_size': 100000, 'learning_rate': 0.0001, 'learning_starts': 2000, 'ent_coef': 'auto_0.1'}, 'information_cols': ['boll_ub', 'boll_lb', 'rsi_20', 'close_20_sma', 'close_60_sma', 'close_120_sma', 'macd', 'volume_20_sma', 'volume_60_sma', 'volume_120_sma', 'close', 'day', 'amount', 'change', 'daily_variance'], 'ENV_PARAMS': {'initial_amount': 1000000.0, 'hmax': 5000, 'currency': 'гд', 'buy_cost_pct': 0.0006, 'sell_cost_pct': 0.0016, 'cache_indicator_data': True, 'daily_information_cols': ['boll_ub', 'boll_lb', 'rsi_20', 'close_20_sma', 'close_60_sma', 'close_120_sma', 'macd', 'volume_20_sma', 'volume_60_sma', 'volume_120_sma', 'close', 'day', 'amount', 'change', 'daily_variance'], 'print_verbosity': 500, 'patient': True}, 'TENSORBOARD_LOG_DIR': 'tensorboard_log', 'SSE_50_INDEX': ['000016.SH'], 'SSE_50': ['600000.SH', '600009.SH', '600016.SH', '600028.SH', '600030.SH', '600031.SH', '600036.SH', '600048.SH', '600050.SH', '600104.SH', '600196.SH', '600276.SH', '600309.SH', '600519.SH', '600547.SH', '600570.SH', '600585.SH', '600588.SH', '600690.SH', '600703.SH', '600745.SH', '600837.SH', '600887.SH', '600918.SH', '601012.SH', '601066.SH', '601088.SH', '601138.SH', '601166.SH', '601186.SH', '601211.SH', '601236.SH', '601288.SH', '601318.SH', '601319.SH', '601336.SH', '601398.SH', '601601.SH', '601628.SH', '601668.SH', '601688.SH', '601816.SH', '601818.SH', '601857.SH', '601888.SH', '603160.SH', '603259.SH', '603288.SH', '603501.SH', '603986.SH'], 'CSI_300': ['600000.SH', '600004.SH', '600009.SH', '600010.SH', '600011.SH', '600015.SH', '600016.SH', '600018.SH', '600019.SH', '600025.SH', '600027.SH', '600028.SH', '600029.SH', '600030.SH', '600031.SH', '600036.SH', '600048.SH', '600050.SH', '600061.SH', '600066.SH', '600068.SH', '600085.SH', '600104.SH', '600109.SH', '600111.SH', '600115.SH', '600118.SH', '600150.SH', '600161.SH', '600176.SH', '600177.SH', '600183.SH', '600196.SH', '600208.SH', '600233.SH', '600271.SH', '600276.SH', '600297.SH', '600299.SH', '600309.SH', '600332.SH', '600340.SH', '600346.SH', '600352.SH', '600362.SH', '600369.SH', '600383.SH', '600390.SH', '600406.SH', '600436.SH', '600438.SH', '600482.SH', '600487.SH', '600489.SH', '600498.SH', '600519.SH', '600522.SH', '600547.SH', '600570.SH', '600584.SH', '600585.SH', '600588.SH', '600600.SH', '600606.SH', '600637.SH', '600655.SH', '600660.SH', '600690.SH', '600703.SH', '600705.SH', '600741.SH', '600745.SH', '600760.SH', '600763.SH', '600795.SH', '600809.SH', '600837.SH', '600845.SH', '600848.SH', '600872.SH', '600886.SH', '600887.SH', '600893.SH', '600900.SH', '600918.SH', '600919.SH', '600926.SH', '600958.SH', '600989.SH', '600998.SH', '600999.SH', '601006.SH', '601009.SH', '601012.SH', '601021.SH', '601066.SH', '601077.SH', '601088.SH', '601100.SH', '601108.SH', '601111.SH', '601117.SH', '601138.SH', '601155.SH', '601162.SH', '601166.SH', '601169.SH', '601186.SH', '601198.SH', '601211.SH', '601216.SH', '601225.SH', '601229.SH', '601231.SH', '601236.SH', '601238.SH', '601288.SH', '601318.SH', '601319.SH', '601328.SH', '601336.SH', '601360.SH', '601377.SH', '601390.SH', '601398.SH', '601555.SH', '601577.SH', '601600.SH', '601601.SH', '601607.SH', '601618.SH', '601628.SH', '601633.SH', '601658.SH', '601668.SH', '601669.SH', '601688.SH', '601696.SH', '601698.SH', '601727.SH', '601766.SH', '601788.SH', '601800.SH', '601808.SH', '601816.SH', '601818.SH', '601838.SH', '601857.SH', '601872.SH', '601877.SH', '601878.SH', '601881.SH', '601888.SH', '601899.SH', '601901.SH', '601916.SH', '601919.SH', '601933.SH', '601939.SH', '601985.SH', '601988.SH', '601989.SH', '601990.SH', '601998.SH', '603019.SH', '603087.SH', '603156.SH', '603160.SH', '603195.SH', '603259.SH', '603288.SH', '603369.SH', '603392.SH', '603501.SH', '603658.SH', '603799.SH', '603833.SH', '603899.SH', '603986.SH', '603993.SH', '688008.SH', '688009.SH', '688012.SH', '688036.SH', '000001.SZ', '000002.SZ', '000063.SZ', '000066.SZ', '000069.SZ', '000100.SZ', '000157.SZ', '000166.SZ', '000333.SZ', '000338.SZ', '000425.SZ', '000538.SZ', '000568.SZ', '000596.SZ', '000625.SZ', '000627.SZ', '000651.SZ', '000656.SZ', '000661.SZ', '000671.SZ', '000703.SZ', '000708.SZ', '000723.SZ', '000725.SZ', '000728.SZ', '000768.SZ', '000776.SZ', '000783.SZ', '000786.SZ', '000858.SZ', '000860.SZ', '000876.SZ', '000895.SZ', '000938.SZ', '000961.SZ', '000963.SZ', '000977.SZ', '001979.SZ', '002001.SZ', '002007.SZ', '002008.SZ', '002024.SZ', '002027.SZ', '002032.SZ', '002044.SZ', '002049.SZ', '002050.SZ', '002120.SZ', '002129.SZ', '002142.SZ', '002146.SZ', '002153.SZ', '002157.SZ', '002179.SZ', '002202.SZ', '002230.SZ', '002236.SZ', '002241.SZ', '002252.SZ', '002271.SZ', '002304.SZ', '002311.SZ', '002352.SZ', '002371.SZ', '002384.SZ', '002410.SZ', '002414.SZ', '002415.SZ', '002422.SZ', '002456.SZ', '002460.SZ', '002463.SZ', '002475.SZ', '002493.SZ', '002508.SZ', '002555.SZ', '002558.SZ', '002594.SZ', '002600.SZ', '002601.SZ', '002602.SZ', '002607.SZ', '002624.SZ', '002673.SZ', '002714.SZ', '002736.SZ', '002739.SZ', '002773.SZ', '002812.SZ', '002821.SZ', '002841.SZ', '002916.SZ', '002938.SZ', '002939.SZ', '002945.SZ', '002958.SZ', '003816.SZ', '300003.SZ', '300014.SZ', '300015.SZ', '300033.SZ', '300059.SZ', '300122.SZ', '300124.SZ', '300136.SZ', '300142.SZ', '300144.SZ', '300347.SZ', '300408.SZ', '300413.SZ', '300433.SZ', '300498.SZ', '300529.SZ', '300601.SZ', '300628.SZ', '300676.SZ'], '_wandb': {}}
2025-03-01 15:51:07,325 INFO    MainThread:24188 [wandb_init.py:init():784] starting backend
2025-03-01 15:51:07,325 INFO    MainThread:24188 [wandb_init.py:init():788] sending inform_init request
2025-03-01 15:51:07,340 INFO    MainThread:24188 [backend.py:_multiprocessing_setup():97] multiprocessing start_methods=spawn, using: spawn
2025-03-01 15:51:07,340 INFO    MainThread:24188 [wandb_init.py:init():803] backend started and connected
2025-03-01 15:51:07,342 INFO    MainThread:24188 [wandb_init.py:init():896] updated telemetry
2025-03-01 15:51:07,373 INFO    MainThread:24188 [wandb_init.py:init():920] communicating run to backend with 90.0 second timeout
2025-03-01 15:51:07,373 ERROR   MainThread:24188 [wandb_init.py:init():1481] error in wandb.init()
Traceback (most recent call last):
  File "C:\ProgramData\anaconda3\envs\py_env\Lib\site-packages\wandb\sdk\wandb_init.py", line 1471, in init
    return wi.init(run_settings, run_config)
           ^^^^^^^^^^^^^^^^^^^^^^^^^^^^^^^^^
  File "C:\ProgramData\anaconda3\envs\py_env\Lib\site-packages\wandb\sdk\wandb_init.py", line 924, in init
    run_init_handle = backend.interface.deliver_run(run)
                      ^^^^^^^^^^^^^^^^^^^^^^^^^^^^^^^^^^
  File "C:\ProgramData\anaconda3\envs\py_env\Lib\site-packages\wandb\sdk\interface\interface.py", line 899, in deliver_run
    run_record = self._make_run(run)
                 ^^^^^^^^^^^^^^^^^^^
  File "C:\ProgramData\anaconda3\envs\py_env\Lib\site-packages\wandb\sdk\interface\interface.py", line 175, in _make_run
    self._make_config(data=config_dict, obj=proto_run.config)
  File "C:\ProgramData\anaconda3\envs\py_env\Lib\site-packages\wandb\sdk\interface\interface.py", line 127, in _make_config
    update.value_json = json_dumps_safer(json_friendly(v)[0])
                        ^^^^^^^^^^^^^^^^^^^^^^^^^^^^^^^^^^^^^
  File "C:\ProgramData\anaconda3\envs\py_env\Lib\site-packages\wandb\util.py", line 805, in json_dumps_safer
    return dumps(obj, cls=WandBJSONEncoder, **kwargs)
           ^^^^^^^^^^^^^^^^^^^^^^^^^^^^^^^^^^^^^^^^^^
  File "C:\ProgramData\anaconda3\envs\py_env\Lib\json\__init__.py", line 238, in dumps
    **kw).encode(obj)
          ^^^^^^^^^^^
  File "C:\ProgramData\anaconda3\envs\py_env\Lib\json\encoder.py", line 200, in encode
    chunks = self.iterencode(o, _one_shot=True)
             ^^^^^^^^^^^^^^^^^^^^^^^^^^^^^^^^^^
  File "C:\ProgramData\anaconda3\envs\py_env\Lib\json\encoder.py", line 258, in iterencode
    return _iterencode(o, 0)
           ^^^^^^^^^^^^^^^^^
  File "C:\ProgramData\anaconda3\envs\py_env\Lib\site-packages\wandb\util.py", line 754, in default
    return json.JSONEncoder.default(self, obj)
           ^^^^^^^^^^^^^^^^^^^^^^^^^^^^^^^^^^^
  File "C:\ProgramData\anaconda3\envs\py_env\Lib\json\encoder.py", line 180, in default
    raise TypeError(f'Object of type {o.__class__.__name__} '
TypeError: Object of type ellipsis is not JSON serializable
2025-03-01 15:51:07,461 WARNING MsgRouterThr:24188 [router.py:message_loop():77] message_loop has been closed
Traceback (most recent call last):
  File "C:\ProgramData\anaconda3\envs\py_env\Lib\site-packages\wandb\sdk\interface\router_sock.py", line 28, in _read_message
    resp = self._sock_client.read_server_response(timeout=1)
           ^^^^^^^^^^^^^^^^^^^^^^^^^^^^^^^^^^^^^^^^^^^^^^^^^
  File "C:\ProgramData\anaconda3\envs\py_env\Lib\site-packages\wandb\sdk\lib\sock_client.py", line 285, in read_server_response
    data = self._read_packet_bytes(timeout=timeout)
           ^^^^^^^^^^^^^^^^^^^^^^^^^^^^^^^^^^^^^^^^
  File "C:\ProgramData\anaconda3\envs\py_env\Lib\site-packages\wandb\sdk\lib\sock_client.py", line 270, in _read_packet_bytes
    raise SockClientClosedError
wandb.sdk.lib.sock_client.SockClientClosedError

The above exception was the direct cause of the following exception:

Traceback (most recent call last):
  File "C:\ProgramData\anaconda3\envs\py_env\Lib\site-packages\wandb\sdk\interface\router.py", line 70, in message_loop
    msg = self._read_message()
          ^^^^^^^^^^^^^^^^^^^^
  File "C:\ProgramData\anaconda3\envs\py_env\Lib\site-packages\wandb\sdk\interface\router_sock.py", line 30, in _read_message
    raise MessageRouterClosedError from e
wandb.sdk.interface.router.MessageRouterClosedError
2025-03-01 15:51:07,462 INFO    MsgRouterThr:24188 [mailbox.py:close():115] Closing mailbox, abandoning 0 handles.
